<?xml version="1.0" encoding="UTF-8"?>
<testsuite xmlns:xsi="http://www.w3.org/2001/XMLSchema-instance" xsi:noNamespaceSchemaLocation="https://maven.apache.org/surefire/maven-surefire-plugin/xsd/surefire-test-report-3.0.xsd" version="3.0" name="com.Streaming.App.video.Streaming.Backend.App.VideoStreamingBackendAppApplicationTests" time="19.367" tests="1" errors="1" skipped="0" failures="0">
  <properties>
[...]
</properties>
  <testcase name="contextLoads" classname="com.Streaming.App.video.Streaming.Backend.App.VideoStreamingBackendAppApplicationTests" time="1.727">
    <error message="Video processing fail!!" type="java.lang.RuntimeException"><![CDATA[java.lang.RuntimeException: Video processing fail!!
	at com.Streaming.App.video.Streaming.Backend.App.service.impl.videoServiceImpl.processVideo(videoServiceImpl.java:262)
	at com.Streaming.App.video.Streaming.Backend.App.VideoStreamingBackendAppApplicationTests.contextLoads(VideoStreamingBackendAppApplicationTests.java:15)
	at java.base/java.lang.reflect.Method.invoke(Method.java:580)
	at java.base/java.util.ArrayList.forEach(ArrayList.java:1597)
	at java.base/java.util.ArrayList.forEach(ArrayList.java:1597)
]]></error>
    <system-out><![CDATA[18:53:57.191 [main] INFO org.springframework.test.context.support.AnnotationConfigContextLoaderUtils -- Could not detect default configuration classes for test class [com.Streaming.App.video.Streaming.Backend.App.VideoStreamingBackendAppApplicationTests]: VideoStreamingBackendAppApplicationTests does not declare any static, non-private, non-final, nested classes annotated with @Configuration.
18:53:57.609 [main] INFO org.springframework.boot.test.context.SpringBootTestContextBootstrapper -- Found @SpringBootConfiguration com.Streaming.App.video.Streaming.Backend.App.VideoStreamingBackendAppApplication for test class com.Streaming.App.video.Streaming.Backend.App.VideoStreamingBackendAppApplicationTests

  .   ____          _            __ _ _
 /\\ / ___'_ __ _ _(_)_ __  __ _ \ \ \ \
( ( )\___ | '_ | '_| | '_ \/ _` | \ \ \ \
 \\/  ___)| |_)| | | | | || (_| |  ) ) ) )
  '  |____| .__|_| |_|_| |_\__, | / / / /
 =========|_|==============|___/=/_/_/_/

 :: Spring Boot ::                (v3.3.2)

2024-09-18T18:53:59.274+05:30  INFO 21912 --- [video-Streaming-Backend-App] [           main] VideoStreamingBackendAppApplicationTests : Starting VideoStreamingBackendAppApplicationTests using Java 22.0.2 with PID 21912 (started by Ratna in C:\Users\Ratna\OneDrive\Desktop\webdev\100projects\core_java_project\video-Streaming-Backend-App)
2024-09-18T18:53:59.276+05:30  INFO 21912 --- [video-Streaming-Backend-App] [           main] VideoStreamingBackendAppApplicationTests : No active profile set, falling back to 1 default profile: "default"
2024-09-18T18:54:02.212+05:30  INFO 21912 --- [video-Streaming-Backend-App] [           main] .s.d.r.c.RepositoryConfigurationDelegate : Bootstrapping Spring Data JPA repositories in DEFAULT mode.
2024-09-18T18:54:02.457+05:30  INFO 21912 --- [video-Streaming-Backend-App] [           main] .s.d.r.c.RepositoryConfigurationDelegate : Finished Spring Data repository scanning in 223 ms. Found 1 JPA repository interface.
2024-09-18T18:54:03.875+05:30  INFO 21912 --- [video-Streaming-Backend-App] [           main] o.hibernate.jpa.internal.util.LogHelper  : HHH000204: Processing PersistenceUnitInfo [name: default]
2024-09-18T18:54:04.011+05:30  INFO 21912 --- [video-Streaming-Backend-App] [           main] org.hibernate.Version                    : HHH000412: Hibernate ORM core version 6.5.2.Final
2024-09-18T18:54:04.092+05:30  INFO 21912 --- [video-Streaming-Backend-App] [           main] o.h.c.internal.RegionFactoryInitiator    : HHH000026: Second-level cache disabled
2024-09-18T18:54:05.327+05:30  INFO 21912 --- [video-Streaming-Backend-App] [           main] o.s.o.j.p.SpringPersistenceUnitInfo      : No LoadTimeWeaver setup: ignoring JPA class transformer
2024-09-18T18:54:05.429+05:30  INFO 21912 --- [video-Streaming-Backend-App] [           main] com.zaxxer.hikari.HikariDataSource       : HikariPool-1 - Starting...
2024-09-18T18:54:06.978+05:30  INFO 21912 --- [video-Streaming-Backend-App] [           main] com.zaxxer.hikari.pool.HikariPool        : HikariPool-1 - Added connection com.mysql.cj.jdbc.ConnectionImpl@29d3d0fb
2024-09-18T18:54:06.986+05:30  INFO 21912 --- [video-Streaming-Backend-App] [           main] com.zaxxer.hikari.HikariDataSource       : HikariPool-1 - Start completed.
2024-09-18T18:54:09.820+05:30  INFO 21912 --- [video-Streaming-Backend-App] [           main] o.h.e.t.j.p.i.JtaPlatformInitiator       : HHH000489: No JTA platform available (set 'hibernate.transaction.jta.platform' to enable JTA platform integration)
2024-09-18T18:54:09.927+05:30  INFO 21912 --- [video-Streaming-Backend-App] [           main] j.LocalContainerEntityManagerFactoryBean : Initialized JPA EntityManagerFactory for persistence unit 'default'
folder exsist bro 
2024-09-18T18:54:12.735+05:30  WARN 21912 --- [video-Streaming-Backend-App] [           main] JpaBaseConfiguration$JpaWebConfiguration : spring.jpa.open-in-view is enabled by default. Therefore, database queries may be performed during view rendering. Explicitly configure spring.jpa.open-in-view to disable this warning
2024-09-18T18:54:14.013+05:30  INFO 21912 --- [video-Streaming-Backend-App] [           main] VideoStreamingBackendAppApplicationTests : Started VideoStreamingBackendAppApplicationTests in 15.957 seconds (process running for 20.672)
Hibernate: select v1_0.video_id,v1_0.content_type,v1_0.description,v1_0.file_path,v1_0.title from yt_videos v1_0 where v1_0.video_id=?
ffmpeg -i "videos\Screen Recording 2024-09-15 185631.mp4" -c:v libx264 -c:a aac -strict -2 -f hls -hls_time 10 -hls_list_size 0 -hls_segment_filename "videos_hsl\1d419ee6-9ed8-4ceb-bc7d-bb043808c175/segment_%3d.ts"  "videos_hsl\1d419ee6-9ed8-4ceb-bc7d-bb043808c175/master.m3u8" 
]]></system-out>
    <system-err><![CDATA[WARNING: A Java agent has been loaded dynamically (C:\Users\Ratna\.m2\repository\net\bytebuddy\byte-buddy-agent\1.14.18\byte-buddy-agent-1.14.18.jar)
WARNING: If a serviceability tool is in use, please run with -XX:+EnableDynamicAgentLoading to hide this warning
WARNING: If a serviceability tool is not in use, please run with -Djdk.instrument.traceUsage for more information
WARNING: Dynamic loading of agents will be disallowed by default in a future release
]]></system-err>
  </testcase>
</testsuite>